<?xml version="1.0" encoding="UTF-8"?>
<testsuite name="practical1.NumberToolsTest" tests="2" skipped="0" failures="0" errors="0" timestamp="2025-10-02T09:14:26.421Z" hostname="STU-48575765187" time="0.018">
  <properties/>
  <testcase name="testParse" classname="practical1.NumberToolsTest" time="0.008"/>
  <testcase name="testComputeStatistic" classname="practical1.NumberToolsTest" time="0.01"/>
  <system-out><![CDATA[]]></system-out>
  <system-err><![CDATA[]]></system-err>
</testsuite>
